<?xml version="1.0" encoding="UTF-8"?>
<!-- Generated by org.testng.reporters.JUnitReportReporter -->
<testsuite hostname="DESKTOP-1UM3A2O" failures="0" tests="1" name="Lambda.SeleniumJava101.testScenario1.TestScenario_1" time="3.667" errors="0" timestamp="2023-04-04T02:12:20 PDT" skipped="0">
  <testcase classname="Lambda.SeleniumJava101.testScenario1.TestScenario_1" name="testScenario_1" time="3.667"/>
  <system-out/>
</testsuite> <!-- Lambda.SeleniumJava101.testScenario1.TestScenario_1 -->
