<?xml version="1.0" encoding="UTF-8"?>
<!-- Generated by org.testng.reporters.JUnitReportReporter -->
<testsuite hostname="DESKTOP-1UM3A2O" failures="0" tests="1" name="Lambda.SeleniumJava101.testScenarios.TestScenario_1" time="8.332" errors="0" timestamp="2023-04-04T05:44:04 PDT" skipped="0">
  <testcase classname="Lambda.SeleniumJava101.testScenarios.TestScenario_1" name="testscenario1" time="8.332"/>
  <system-out/>
</testsuite> <!-- Lambda.SeleniumJava101.testScenarios.TestScenario_1 -->
